{"level":"info","message":"Trading bot backend listening at http://localhost:3000","timestamp":"2024-10-03T17:55:59.606Z"}
{"level":"info","message":"Current price for AAPL: 99.42, Price change: -0.58%","timestamp":"2024-10-03T17:56:04.609Z"}
{"level":"info","message":"Current price for GOOGL: 99.92, Price change: -0.08%","timestamp":"2024-10-03T17:56:04.610Z"}
{"level":"info","message":"Current price for MSFT: 100.69, Price change: 0.69%","timestamp":"2024-10-03T17:56:04.611Z"}
{"level":"info","message":"Current price for AMZN: 99.49, Price change: -0.51%","timestamp":"2024-10-03T17:56:04.613Z"}
{"level":"info","message":"Trading bot backend listening at http://localhost:3000","timestamp":"2024-10-03T17:56:06.711Z"}
{"level":"info","message":"Current price for AAPL: 99.38, Price change: -0.62%","timestamp":"2024-10-03T17:56:11.720Z"}
{"level":"info","message":"Current price for GOOGL: 99.97, Price change: -0.03%","timestamp":"2024-10-03T17:56:11.722Z"}
{"level":"info","message":"Current price for MSFT: 99.09, Price change: -0.91%","timestamp":"2024-10-03T17:56:11.723Z"}
{"level":"info","message":"Current price for AMZN: 99.66, Price change: -0.34%","timestamp":"2024-10-03T17:56:11.725Z"}
{"level":"info","message":"Current price for AAPL: 99.53, Price change: 0.15%","timestamp":"2024-10-03T17:56:16.723Z"}
{"level":"info","message":"Current price for GOOGL: 99.44, Price change: -0.53%","timestamp":"2024-10-03T17:56:16.727Z"}
{"level":"info","message":"Current price for MSFT: 98.36, Price change: -0.74%","timestamp":"2024-10-03T17:56:16.730Z"}
{"level":"info","message":"Current price for AMZN: 99.19, Price change: -0.47%","timestamp":"2024-10-03T17:56:16.734Z"}
{"level":"info","message":"Current price for AAPL: 99.73, Price change: 0.20%","timestamp":"2024-10-03T17:56:21.726Z"}
{"level":"info","message":"Current price for GOOGL: 99.71, Price change: 0.27%","timestamp":"2024-10-03T17:56:21.728Z"}
{"level":"info","message":"Current price for MSFT: 99.18, Price change: 0.83%","timestamp":"2024-10-03T17:56:21.730Z"}
{"level":"info","message":"Current price for AMZN: 99.63, Price change: 0.44%","timestamp":"2024-10-03T17:56:21.731Z"}
{"level":"info","message":"Current price for AAPL: 99.24, Price change: -0.49%","timestamp":"2024-10-03T17:56:26.738Z"}
{"level":"info","message":"Current price for GOOGL: 100.33, Price change: 0.62%","timestamp":"2024-10-03T17:56:26.740Z"}
{"level":"info","message":"Current price for MSFT: 98.61, Price change: -0.57%","timestamp":"2024-10-03T17:56:26.742Z"}
{"level":"info","message":"Current price for AMZN: 100.5, Price change: 0.87%","timestamp":"2024-10-03T17:56:26.743Z"}
{"level":"info","message":"Current price for AAPL: 98.61, Price change: -0.63%","timestamp":"2024-10-03T17:56:31.748Z"}
{"level":"info","message":"Current price for GOOGL: 100.74, Price change: 0.41%","timestamp":"2024-10-03T17:56:31.750Z"}
{"level":"info","message":"Current price for MSFT: 99.4, Price change: 0.80%","timestamp":"2024-10-03T17:56:31.751Z"}
{"level":"info","message":"Current price for AMZN: 100.56, Price change: 0.06%","timestamp":"2024-10-03T17:56:31.753Z"}
{"level":"info","message":"Current price for AAPL: 99.59, Price change: 0.99%","timestamp":"2024-10-03T17:56:36.756Z"}
{"level":"info","message":"Current price for GOOGL: 99.84, Price change: -0.89%","timestamp":"2024-10-03T17:56:36.757Z"}
{"level":"info","message":"Current price for MSFT: 98.5, Price change: -0.91%","timestamp":"2024-10-03T17:56:36.758Z"}
{"level":"info","message":"Current price for AMZN: 100.07, Price change: -0.49%","timestamp":"2024-10-03T17:56:36.759Z"}
{"level":"info","message":"Current price for AAPL: 100.43, Price change: 0.84%","timestamp":"2024-10-03T17:56:41.765Z"}
{"level":"info","message":"Current price for GOOGL: 98.99, Price change: -0.85%","timestamp":"2024-10-03T17:56:41.768Z"}
{"level":"info","message":"Current price for MSFT: 98.15, Price change: -0.36%","timestamp":"2024-10-03T17:56:41.769Z"}
{"level":"info","message":"Current price for AMZN: 100.71, Price change: 0.64%","timestamp":"2024-10-03T17:56:41.771Z"}
{"level":"info","message":"Current price for AAPL: 100.29, Price change: -0.14%","timestamp":"2024-10-03T17:56:46.795Z"}
{"level":"info","message":"Current price for GOOGL: 98.06, Price change: -0.94%","timestamp":"2024-10-03T17:56:46.829Z"}
{"level":"info","message":"Current price for MSFT: 97.97, Price change: -0.18%","timestamp":"2024-10-03T17:56:46.856Z"}
{"level":"info","message":"Current price for AMZN: 100.19, Price change: -0.52%","timestamp":"2024-10-03T17:56:46.877Z"}
{"level":"info","message":"Current price for AAPL: 100.2, Price change: -0.09%","timestamp":"2024-10-03T17:56:51.807Z"}
{"level":"info","message":"Current price for GOOGL: 98.94, Price change: 0.90%","timestamp":"2024-10-03T17:56:51.811Z"}
{"level":"info","message":"Current price for MSFT: 97.72, Price change: -0.26%","timestamp":"2024-10-03T17:56:51.811Z"}
{"level":"info","message":"Current price for AMZN: 99.36, Price change: -0.83%","timestamp":"2024-10-03T17:56:51.813Z"}
{"level":"info","message":"Current price for AAPL: 99.52, Price change: -0.68%","timestamp":"2024-10-03T17:56:56.840Z"}
{"level":"info","message":"Current price for GOOGL: 99.11, Price change: 0.17%","timestamp":"2024-10-03T17:56:56.854Z"}
{"level":"info","message":"Current price for MSFT: 96.96, Price change: -0.78%","timestamp":"2024-10-03T17:56:56.906Z"}
{"level":"info","message":"Current price for AMZN: 100.29, Price change: 0.94%","timestamp":"2024-10-03T17:56:56.978Z"}
{"level":"info","message":"Current price for AAPL: 100.3, Price change: 0.78%","timestamp":"2024-10-03T17:57:01.861Z"}
{"level":"info","message":"Current price for GOOGL: 98.93, Price change: -0.18%","timestamp":"2024-10-03T17:57:01.863Z"}
{"level":"info","message":"Current price for MSFT: 96.05, Price change: -0.94%","timestamp":"2024-10-03T17:57:01.864Z"}
{"level":"info","message":"Current price for AMZN: 100.68, Price change: 0.39%","timestamp":"2024-10-03T17:57:01.865Z"}
{"level":"info","message":"Current price for AAPL: 100.07, Price change: -0.23%","timestamp":"2024-10-03T17:57:06.864Z"}
{"level":"info","message":"Current price for GOOGL: 98.62, Price change: -0.31%","timestamp":"2024-10-03T17:57:06.867Z"}
{"level":"info","message":"Current price for MSFT: 95.78, Price change: -0.28%","timestamp":"2024-10-03T17:57:06.868Z"}
{"level":"info","message":"Current price for AMZN: 100.79, Price change: 0.11%","timestamp":"2024-10-03T17:57:06.869Z"}
{"level":"info","message":"Current price for AAPL: 100.13, Price change: 0.06%","timestamp":"2024-10-03T17:57:11.864Z"}
{"level":"info","message":"Current price for GOOGL: 98.63, Price change: 0.01%","timestamp":"2024-10-03T17:57:11.865Z"}
{"level":"info","message":"Current price for MSFT: 94.86, Price change: -0.96%","timestamp":"2024-10-03T17:57:11.866Z"}
{"level":"info","message":"Current price for AMZN: 101.71, Price change: 0.91%","timestamp":"2024-10-03T17:57:11.867Z"}
{"level":"info","message":"Trading  backend listening at http://localhost:3000","timestamp":"2024-10-03T17:57:16.267Z"}
{"level":"info","message":"Current price for AAPL: 100.21, Price change: 0.21%","timestamp":"2024-10-03T17:57:21.271Z"}
{"level":"info","message":"Current price for GOOGL: 99.18, Price change: -0.82%","timestamp":"2024-10-03T17:57:21.272Z"}
{"level":"info","message":"Current price for MSFT: 99.17, Price change: -0.83%","timestamp":"2024-10-03T17:57:21.274Z"}
{"level":"info","message":"Current price for AMZN: 100.53, Price change: 0.53%","timestamp":"2024-10-03T17:57:21.274Z"}
{"level":"info","message":"Current price for AAPL: 100.07, Price change: -0.14%","timestamp":"2024-10-03T17:57:26.277Z"}
{"level":"info","message":"Current price for GOOGL: 98.88, Price change: -0.30%","timestamp":"2024-10-03T17:57:26.280Z"}
{"level":"info","message":"Current price for MSFT: 98.83, Price change: -0.34%","timestamp":"2024-10-03T17:57:26.281Z"}
{"level":"info","message":"Current price for AMZN: 100.1, Price change: -0.43%","timestamp":"2024-10-03T17:57:26.282Z"}
{"level":"info","message":"Current price for AAPL: 99.08, Price change: -0.99%","timestamp":"2024-10-03T17:57:31.282Z"}
{"level":"info","message":"Current price for GOOGL: 98.97, Price change: 0.09%","timestamp":"2024-10-03T17:57:31.283Z"}
{"level":"info","message":"Current price for MSFT: 99.25, Price change: 0.42%","timestamp":"2024-10-03T17:57:31.284Z"}
{"level":"info","message":"Current price for AMZN: 99.94, Price change: -0.16%","timestamp":"2024-10-03T17:57:31.284Z"}
{"level":"info","message":"Current price for AAPL: 98.87, Price change: -0.21%","timestamp":"2024-10-03T17:57:36.296Z"}
{"level":"info","message":"Current price for GOOGL: 99.79, Price change: 0.83%","timestamp":"2024-10-03T17:57:36.297Z"}
{"level":"info","message":"Current price for MSFT: 98.49, Price change: -0.77%","timestamp":"2024-10-03T17:57:36.297Z"}
{"level":"info","message":"Current price for AMZN: 99.88, Price change: -0.06%","timestamp":"2024-10-03T17:57:36.298Z"}
{"level":"info","message":"Current price for AAPL: 98.57, Price change: -0.30%","timestamp":"2024-10-03T17:57:41.303Z"}
{"level":"info","message":"Current price for GOOGL: 100.77, Price change: 0.98%","timestamp":"2024-10-03T17:57:41.305Z"}
{"level":"info","message":"Current price for MSFT: 98.22, Price change: -0.27%","timestamp":"2024-10-03T17:57:41.306Z"}
{"level":"info","message":"Current price for AMZN: 100.87, Price change: 0.99%","timestamp":"2024-10-03T17:57:41.308Z"}
{"level":"info","message":"Current price for AAPL: 97.68, Price change: -0.90%","timestamp":"2024-10-03T17:57:46.309Z"}
{"level":"info","message":"Current price for GOOGL: 101.73, Price change: 0.95%","timestamp":"2024-10-03T17:57:46.310Z"}
{"level":"info","message":"Current price for MSFT: 97.25, Price change: -0.99%","timestamp":"2024-10-03T17:57:46.311Z"}
{"level":"info","message":"Current price for AMZN: 101.02, Price change: 0.15%","timestamp":"2024-10-03T17:57:46.312Z"}
{"level":"info","message":"Current price for AAPL: 96.83, Price change: -0.87%","timestamp":"2024-10-03T17:57:51.320Z"}
{"level":"info","message":"Current price for GOOGL: 101.8, Price change: 0.07%","timestamp":"2024-10-03T17:57:51.321Z"}
{"level":"info","message":"Current price for MSFT: 97.44, Price change: 0.20%","timestamp":"2024-10-03T17:57:51.322Z"}
{"level":"info","message":"Current price for AMZN: 100.93, Price change: -0.09%","timestamp":"2024-10-03T17:57:51.323Z"}
{"level":"info","message":"Current price for AAPL: 97.48, Price change: 0.67%","timestamp":"2024-10-03T17:57:56.336Z"}
{"level":"info","message":"Current price for GOOGL: 102.16, Price change: 0.35%","timestamp":"2024-10-03T17:57:56.339Z"}
{"level":"info","message":"Current price for MSFT: 97.67, Price change: 0.24%","timestamp":"2024-10-03T17:57:56.340Z"}
{"level":"info","message":"Current price for AMZN: 100.86, Price change: -0.07%","timestamp":"2024-10-03T17:57:56.340Z"}
{"level":"info","message":"Trading  backend listening at http://localhost:3000","timestamp":"2024-10-03T17:58:01.452Z"}
{"level":"info","message":"Current price for AAPL: 100.69, Price change: 0.69%","timestamp":"2024-10-03T17:58:06.467Z"}
{"level":"info","message":"Current price for GOOGL: 100.48, Price change: 0.48%","timestamp":"2024-10-03T17:58:06.468Z"}
{"level":"info","message":"Current price for MSFT: 100.8, Price change: 0.80%","timestamp":"2024-10-03T17:58:06.470Z"}
{"level":"info","message":"Current price for AMZN: 99.37, Price change: -0.63%","timestamp":"2024-10-03T17:58:06.470Z"}
{"level":"info","message":"Trading  backend listening at http://localhost:3000","timestamp":"2024-10-03T17:58:11.660Z"}
{"level":"info","message":"Trading  backend listening at http://localhost:3000","timestamp":"2024-10-03T17:58:16.339Z"}
{"level":"info","message":"Current price for AAPL: 99.53, Price change: -0.47%","timestamp":"2024-10-03T17:58:21.347Z"}
{"level":"info","message":"Current price for GOOGL: 99.4, Price change: -0.60%","timestamp":"2024-10-03T17:58:21.348Z"}
{"level":"info","message":"Current price for MSFT: 99.36, Price change: -0.64%","timestamp":"2024-10-03T17:58:21.349Z"}
{"level":"info","message":"Current price for AMZN: 99.5, Price change: -0.50%","timestamp":"2024-10-03T17:58:21.350Z"}
{"level":"info","message":"Current price for AAPL: 99.77, Price change: 0.24%","timestamp":"2024-10-03T17:58:26.350Z"}
{"level":"info","message":"Current price for GOOGL: 98.93, Price change: -0.47%","timestamp":"2024-10-03T17:58:26.353Z"}
{"level":"info","message":"Current price for MSFT: 99.02, Price change: -0.34%","timestamp":"2024-10-03T17:58:26.354Z"}
{"level":"info","message":"Current price for AMZN: 99.12, Price change: -0.38%","timestamp":"2024-10-03T17:58:26.355Z"}
{"level":"info","message":"Current price for AAPL: 100.72, Price change: 0.95%","timestamp":"2024-10-03T17:58:31.365Z"}
{"level":"info","message":"Current price for GOOGL: 98.28, Price change: -0.66%","timestamp":"2024-10-03T17:58:31.367Z"}
{"level":"info","message":"Current price for MSFT: 98.8, Price change: -0.22%","timestamp":"2024-10-03T17:58:31.369Z"}
{"level":"info","message":"Current price for AMZN: 98.25, Price change: -0.88%","timestamp":"2024-10-03T17:58:31.370Z"}
{"level":"info","message":"Current price for AAPL: 100.35, Price change: -0.37%","timestamp":"2024-10-03T17:58:36.375Z"}
{"level":"info","message":"Current price for GOOGL: 98.74, Price change: 0.47%","timestamp":"2024-10-03T17:58:36.378Z"}
{"level":"info","message":"Current price for MSFT: 99.6, Price change: 0.81%","timestamp":"2024-10-03T17:58:36.379Z"}
{"level":"info","message":"Current price for AMZN: 98.72, Price change: 0.48%","timestamp":"2024-10-03T17:58:36.380Z"}
{"level":"info","message":"Current price for AAPL: 99.55, Price change: -0.80%","timestamp":"2024-10-03T17:58:41.384Z"}
{"level":"info","message":"Current price for GOOGL: 98.59, Price change: -0.15%","timestamp":"2024-10-03T17:58:41.385Z"}
{"level":"info","message":"Current price for MSFT: 99.85, Price change: 0.25%","timestamp":"2024-10-03T17:58:41.387Z"}
{"level":"info","message":"Current price for AMZN: 98.32, Price change: -0.41%","timestamp":"2024-10-03T17:58:41.387Z"}
{"level":"info","message":"Current price for AAPL: 100.04, Price change: 0.49%","timestamp":"2024-10-03T17:58:46.399Z"}
{"level":"info","message":"Current price for GOOGL: 98.12, Price change: -0.48%","timestamp":"2024-10-03T17:58:46.400Z"}
{"level":"info","message":"Current price for MSFT: 100.18, Price change: 0.33%","timestamp":"2024-10-03T17:58:46.400Z"}
{"level":"info","message":"Current price for AMZN: 98.61, Price change: 0.29%","timestamp":"2024-10-03T17:58:46.401Z"}
{"level":"info","message":"Current price for AAPL: 99.13, Price change: -0.91%","timestamp":"2024-10-03T17:58:51.413Z"}
{"level":"info","message":"Current price for GOOGL: 98.11, Price change: -0.01%","timestamp":"2024-10-03T17:58:51.414Z"}
{"level":"info","message":"Current price for MSFT: 100.92, Price change: 0.74%","timestamp":"2024-10-03T17:58:51.415Z"}
{"level":"info","message":"Current price for AMZN: 99.32, Price change: 0.72%","timestamp":"2024-10-03T17:58:51.416Z"}
{"level":"info","message":"Current price for AAPL: 98.37, Price change: -0.77%","timestamp":"2024-10-03T17:58:56.426Z"}
{"level":"info","message":"Current price for GOOGL: 97.26, Price change: -0.87%","timestamp":"2024-10-03T17:58:56.427Z"}
{"level":"info","message":"Current price for MSFT: 101.65, Price change: 0.72%","timestamp":"2024-10-03T17:58:56.427Z"}
{"level":"info","message":"Current price for AMZN: 99.96, Price change: 0.64%","timestamp":"2024-10-03T17:58:56.427Z"}
{"level":"info","message":"Current price for AAPL: 98.52, Price change: 0.15%","timestamp":"2024-10-03T17:59:01.433Z"}
{"level":"info","message":"Current price for GOOGL: 97.21, Price change: -0.05%","timestamp":"2024-10-03T17:59:01.434Z"}
{"level":"info","message":"Current price for MSFT: 101.84, Price change: 0.19%","timestamp":"2024-10-03T17:59:01.434Z"}
{"level":"info","message":"Current price for AMZN: 100.72, Price change: 0.76%","timestamp":"2024-10-03T17:59:01.435Z"}
{"level":"info","message":"Current price for AAPL: 99.49, Price change: 0.98%","timestamp":"2024-10-03T17:59:06.432Z"}
{"level":"info","message":"Current price for GOOGL: 97.56, Price change: 0.36%","timestamp":"2024-10-03T17:59:06.433Z"}
{"level":"info","message":"Current price for MSFT: 102.17, Price change: 0.32%","timestamp":"2024-10-03T17:59:06.434Z"}
{"level":"info","message":"Current price for AMZN: 100.17, Price change: -0.55%","timestamp":"2024-10-03T17:59:06.435Z"}
{"level":"info","message":"Current price for AAPL: 99.27, Price change: -0.22%","timestamp":"2024-10-03T17:59:11.448Z"}
{"level":"info","message":"Current price for GOOGL: 96.6, Price change: -0.98%","timestamp":"2024-10-03T17:59:11.449Z"}
{"level":"info","message":"Current price for MSFT: 101.24, Price change: -0.91%","timestamp":"2024-10-03T17:59:11.451Z"}
{"level":"info","message":"Current price for AMZN: 100.2, Price change: 0.03%","timestamp":"2024-10-03T17:59:11.452Z"}
{"level":"info","message":"Current price for AAPL: 98.53, Price change: -0.75%","timestamp":"2024-10-03T17:59:16.456Z"}
{"level":"info","message":"Current price for GOOGL: 96.74, Price change: 0.14%","timestamp":"2024-10-03T17:59:16.456Z"}
{"level":"info","message":"Current price for MSFT: 100.95, Price change: -0.29%","timestamp":"2024-10-03T17:59:16.457Z"}
{"level":"info","message":"Current price for AMZN: 99.36, Price change: -0.84%","timestamp":"2024-10-03T17:59:16.458Z"}
{"level":"info","message":"Current price for AAPL: 99.51, Price change: 0.99%","timestamp":"2024-10-03T17:59:21.457Z"}
{"level":"info","message":"Current price for GOOGL: 96.19, Price change: -0.57%","timestamp":"2024-10-03T17:59:21.459Z"}
{"level":"info","message":"Current price for MSFT: 100.81, Price change: -0.14%","timestamp":"2024-10-03T17:59:21.460Z"}
{"level":"info","message":"Current price for AMZN: 99.49, Price change: 0.13%","timestamp":"2024-10-03T17:59:21.462Z"}
{"level":"info","message":"Current price for AAPL: 100.2, Price change: 0.69%","timestamp":"2024-10-03T17:59:26.469Z"}
{"level":"info","message":"Current price for GOOGL: 95.35, Price change: -0.87%","timestamp":"2024-10-03T17:59:26.472Z"}
{"level":"info","message":"Current price for MSFT: 101.04, Price change: 0.23%","timestamp":"2024-10-03T17:59:26.477Z"}
{"level":"info","message":"Current price for AMZN: 99.7, Price change: 0.21%","timestamp":"2024-10-03T17:59:26.483Z"}
{"level":"info","message":"Current price for AAPL: 99.6, Price change: -0.60%","timestamp":"2024-10-03T17:59:31.475Z"}
{"level":"info","message":"Current price for GOOGL: 95.49, Price change: 0.15%","timestamp":"2024-10-03T17:59:31.477Z"}
{"level":"info","message":"Current price for MSFT: 100.98, Price change: -0.06%","timestamp":"2024-10-03T17:59:31.479Z"}
{"level":"info","message":"Current price for AMZN: 100.57, Price change: 0.87%","timestamp":"2024-10-03T17:59:31.480Z"}
{"level":"info","message":"Current price for AAPL: 98.7, Price change: -0.90%","timestamp":"2024-10-03T17:59:36.488Z"}
{"level":"info","message":"Current price for GOOGL: 95.78, Price change: 0.30%","timestamp":"2024-10-03T17:59:36.490Z"}
{"level":"info","message":"Current price for MSFT: 101.69, Price change: 0.70%","timestamp":"2024-10-03T17:59:36.491Z"}
{"level":"info","message":"Current price for AMZN: 101.35, Price change: 0.78%","timestamp":"2024-10-03T17:59:36.493Z"}
{"level":"info","message":"Current price for AAPL: 99.66, Price change: 0.97%","timestamp":"2024-10-03T17:59:41.499Z"}
{"level":"info","message":"Current price for GOOGL: 95.02, Price change: -0.79%","timestamp":"2024-10-03T17:59:41.500Z"}
{"level":"info","message":"Current price for MSFT: 100.75, Price change: -0.92%","timestamp":"2024-10-03T17:59:41.501Z"}
{"level":"info","message":"Current price for AMZN: 101.76, Price change: 0.40%","timestamp":"2024-10-03T17:59:41.501Z"}
{"level":"info","message":"Current price for AAPL: 100.23, Price change: 0.57%","timestamp":"2024-10-03T17:59:46.504Z"}
{"level":"info","message":"Current price for GOOGL: 95.97, Price change: 1.00%","timestamp":"2024-10-03T17:59:46.507Z"}
{"level":"info","message":"Current price for MSFT: 99.99, Price change: -0.75%","timestamp":"2024-10-03T17:59:46.509Z"}
{"level":"info","message":"Current price for AMZN: 101.55, Price change: -0.21%","timestamp":"2024-10-03T17:59:46.510Z"}
{"level":"info","message":"Current price for AAPL: 100.72, Price change: 0.49%","timestamp":"2024-10-03T17:59:51.509Z"}
{"level":"info","message":"Current price for GOOGL: 95.83, Price change: -0.15%","timestamp":"2024-10-03T17:59:51.510Z"}
{"level":"info","message":"Current price for MSFT: 99.92, Price change: -0.07%","timestamp":"2024-10-03T17:59:51.511Z"}
{"level":"info","message":"Current price for AMZN: 101.23, Price change: -0.32%","timestamp":"2024-10-03T17:59:51.512Z"}
{"level":"info","message":"Current price for AAPL: 101.41, Price change: 0.69%","timestamp":"2024-10-03T17:59:56.512Z"}
{"level":"info","message":"Current price for GOOGL: 95.88, Price change: 0.05%","timestamp":"2024-10-03T17:59:56.514Z"}
{"level":"info","message":"Current price for MSFT: 99.08, Price change: -0.84%","timestamp":"2024-10-03T17:59:56.516Z"}
{"level":"info","message":"Current price for AMZN: 101.53, Price change: 0.30%","timestamp":"2024-10-03T17:59:56.517Z"}
{"level":"info","message":"Current price for AAPL: 100.55, Price change: -0.85%","timestamp":"2024-10-03T18:00:01.516Z"}
{"level":"info","message":"Current price for GOOGL: 95.41, Price change: -0.49%","timestamp":"2024-10-03T18:00:01.518Z"}
{"level":"info","message":"Current price for MSFT: 99.02, Price change: -0.06%","timestamp":"2024-10-03T18:00:01.519Z"}
{"level":"info","message":"Current price for AMZN: 101.92, Price change: 0.38%","timestamp":"2024-10-03T18:00:01.520Z"}
{"level":"info","message":"Current price for AAPL: 100.37, Price change: -0.18%","timestamp":"2024-10-03T18:00:06.520Z"}
{"level":"info","message":"Current price for GOOGL: 94.91, Price change: -0.52%","timestamp":"2024-10-03T18:00:06.522Z"}
{"level":"info","message":"Current price for MSFT: 98.69, Price change: -0.33%","timestamp":"2024-10-03T18:00:06.523Z"}
{"level":"info","message":"Current price for AMZN: 102.4, Price change: 0.47%","timestamp":"2024-10-03T18:00:06.524Z"}
{"level":"info","message":"Current price for AAPL: 100.71, Price change: 0.34%","timestamp":"2024-10-03T18:00:11.530Z"}
{"level":"info","message":"Current price for GOOGL: 95.47, Price change: 0.59%","timestamp":"2024-10-03T18:00:11.538Z"}
{"level":"info","message":"Current price for MSFT: 97.91, Price change: -0.79%","timestamp":"2024-10-03T18:00:11.539Z"}
{"level":"info","message":"Current price for AMZN: 102.97, Price change: 0.56%","timestamp":"2024-10-03T18:00:11.540Z"}
{"level":"info","message":"Current price for AAPL: 100.49, Price change: -0.22%","timestamp":"2024-10-03T18:00:16.532Z"}
{"level":"info","message":"Current price for GOOGL: 96.37, Price change: 0.94%","timestamp":"2024-10-03T18:00:16.537Z"}
{"level":"info","message":"Current price for MSFT: 97.91, Price change: 0.00%","timestamp":"2024-10-03T18:00:16.540Z"}
{"level":"info","message":"Current price for AMZN: 102.22, Price change: -0.73%","timestamp":"2024-10-03T18:00:16.541Z"}
{"level":"info","message":"Current price for AAPL: 101.04, Price change: 0.55%","timestamp":"2024-10-03T18:00:21.538Z"}
{"level":"info","message":"Current price for GOOGL: 95.91, Price change: -0.48%","timestamp":"2024-10-03T18:00:21.539Z"}
{"level":"info","message":"Current price for MSFT: 97.48, Price change: -0.44%","timestamp":"2024-10-03T18:00:21.540Z"}
{"level":"info","message":"Current price for AMZN: 101.62, Price change: -0.59%","timestamp":"2024-10-03T18:00:21.542Z"}
{"level":"info","message":"Current price for AAPL: 100.46, Price change: -0.57%","timestamp":"2024-10-03T18:00:26.554Z"}
{"level":"info","message":"Current price for GOOGL: 96.46, Price change: 0.57%","timestamp":"2024-10-03T18:00:26.556Z"}
{"level":"info","message":"Current price for MSFT: 98.25, Price change: 0.79%","timestamp":"2024-10-03T18:00:26.559Z"}
{"level":"info","message":"Current price for AMZN: 101.84, Price change: 0.22%","timestamp":"2024-10-03T18:00:26.561Z"}
{"level":"info","message":"Current price for AAPL: 101.05, Price change: 0.59%","timestamp":"2024-10-03T18:00:31.560Z"}
{"level":"info","message":"Current price for GOOGL: 95.77, Price change: -0.72%","timestamp":"2024-10-03T18:00:31.562Z"}
{"level":"info","message":"Current price for MSFT: 98.04, Price change: -0.21%","timestamp":"2024-10-03T18:00:31.563Z"}
{"level":"info","message":"Current price for AMZN: 102.05, Price change: 0.21%","timestamp":"2024-10-03T18:00:31.564Z"}
{"level":"info","message":"Current price for AAPL: 101.81, Price change: 0.75%","timestamp":"2024-10-03T18:00:36.573Z"}
{"level":"info","message":"Current price for GOOGL: 96.58, Price change: 0.85%","timestamp":"2024-10-03T18:00:36.576Z"}
{"level":"info","message":"Current price for MSFT: 98.51, Price change: 0.48%","timestamp":"2024-10-03T18:00:36.577Z"}
{"level":"info","message":"Current price for AMZN: 102.69, Price change: 0.63%","timestamp":"2024-10-03T18:00:36.577Z"}
{"level":"info","message":"Current price for AAPL: 101.91, Price change: 0.10%","timestamp":"2024-10-03T18:00:41.576Z"}
{"level":"info","message":"Current price for GOOGL: 97.17, Price change: 0.61%","timestamp":"2024-10-03T18:00:41.577Z"}
{"level":"info","message":"Current price for MSFT: 97.53, Price change: -0.99%","timestamp":"2024-10-03T18:00:41.578Z"}
{"level":"info","message":"Current price for AMZN: 103.36, Price change: 0.65%","timestamp":"2024-10-03T18:00:41.578Z"}
{"level":"info","message":"Current price for AAPL: 101.56, Price change: -0.34%","timestamp":"2024-10-03T18:00:46.577Z"}
{"level":"info","message":"Current price for GOOGL: 97.22, Price change: 0.05%","timestamp":"2024-10-03T18:00:46.578Z"}
{"level":"info","message":"Current price for MSFT: 96.63, Price change: -0.92%","timestamp":"2024-10-03T18:00:46.579Z"}
{"level":"info","message":"Current price for AMZN: 102.41, Price change: -0.92%","timestamp":"2024-10-03T18:00:46.580Z"}
{"level":"info","message":"Current price for AAPL: 101.85, Price change: 0.29%","timestamp":"2024-10-03T18:00:51.580Z"}
{"level":"info","message":"Current price for GOOGL: 96.94, Price change: -0.29%","timestamp":"2024-10-03T18:00:51.581Z"}
{"level":"info","message":"Current price for MSFT: 96.15, Price change: -0.50%","timestamp":"2024-10-03T18:00:51.582Z"}
{"level":"info","message":"Current price for AMZN: 102.04, Price change: -0.36%","timestamp":"2024-10-03T18:00:51.582Z"}
{"level":"info","message":"Current price for AAPL: 101.15, Price change: -0.69%","timestamp":"2024-10-03T18:00:56.588Z"}
{"level":"info","message":"Current price for GOOGL: 96.5, Price change: -0.45%","timestamp":"2024-10-03T18:00:56.589Z"}
{"level":"info","message":"Current price for MSFT: 96.08, Price change: -0.07%","timestamp":"2024-10-03T18:00:56.590Z"}
{"level":"info","message":"Current price for AMZN: 101.37, Price change: -0.66%","timestamp":"2024-10-03T18:00:56.591Z"}
{"level":"info","message":"Trading  backend listening at http://localhost:3000","timestamp":"2024-10-03T18:01:07.230Z"}
{"level":"info","message":"Current price for AAPL: 100.41, Price change: 0.41%","timestamp":"2024-10-03T18:01:12.233Z"}
{"level":"info","message":"Current price for GOOGL: 99.81, Price change: -0.19%","timestamp":"2024-10-03T18:01:12.235Z"}
{"level":"info","message":"Current price for MSFT: 100.96, Price change: 0.96%","timestamp":"2024-10-03T18:01:12.236Z"}
{"level":"info","message":"Current price for AMZN: 99.67, Price change: -0.33%","timestamp":"2024-10-03T18:01:12.237Z"}
{"level":"info","message":"Current price for AAPL: 100.85, Price change: 0.44%","timestamp":"2024-10-03T18:01:17.238Z"}
{"level":"info","message":"Current price for GOOGL: 99.92, Price change: 0.11%","timestamp":"2024-10-03T18:01:17.240Z"}
{"level":"info","message":"Current price for MSFT: 100.21, Price change: -0.74%","timestamp":"2024-10-03T18:01:17.241Z"}
{"level":"info","message":"Current price for AMZN: 99.94, Price change: 0.27%","timestamp":"2024-10-03T18:01:17.242Z"}
{"level":"info","message":"Current price for AAPL: 99.99, Price change: -0.85%","timestamp":"2024-10-03T18:01:22.238Z"}
{"level":"info","message":"Current price for GOOGL: 100.84, Price change: 0.92%","timestamp":"2024-10-03T18:01:22.239Z"}
{"level":"info","message":"Current price for MSFT: 99.59, Price change: -0.62%","timestamp":"2024-10-03T18:01:22.240Z"}
{"level":"info","message":"Current price for AMZN: 100.67, Price change: 0.73%","timestamp":"2024-10-03T18:01:22.241Z"}
{"level":"info","message":"Current price for AAPL: 99.23, Price change: -0.76%","timestamp":"2024-10-03T18:01:27.237Z"}
{"level":"info","message":"Current price for GOOGL: 101.08, Price change: 0.24%","timestamp":"2024-10-03T18:01:27.239Z"}
{"level":"info","message":"Current price for MSFT: 99.53, Price change: -0.06%","timestamp":"2024-10-03T18:01:27.240Z"}
{"level":"info","message":"Current price for AMZN: 100.57, Price change: -0.10%","timestamp":"2024-10-03T18:01:27.241Z"}
{"level":"info","message":"Current price for AAPL: 98.73, Price change: -0.50%","timestamp":"2024-10-03T18:01:32.244Z"}
{"level":"info","message":"Current price for GOOGL: 101.08, Price change: 0.00%","timestamp":"2024-10-03T18:01:32.246Z"}
{"level":"info","message":"Current price for MSFT: 99.78, Price change: 0.25%","timestamp":"2024-10-03T18:01:32.247Z"}
{"level":"info","message":"Current price for AMZN: 101.47, Price change: 0.89%","timestamp":"2024-10-03T18:01:32.250Z"}
{"level":"info","message":"Current price for AAPL: 99.4, Price change: 0.68%","timestamp":"2024-10-03T18:01:37.248Z"}
{"level":"info","message":"Current price for GOOGL: 100.32, Price change: -0.75%","timestamp":"2024-10-03T18:01:37.250Z"}
{"level":"info","message":"Current price for MSFT: 99.85, Price change: 0.07%","timestamp":"2024-10-03T18:01:37.251Z"}
{"level":"info","message":"Current price for AMZN: 101.24, Price change: -0.23%","timestamp":"2024-10-03T18:01:37.251Z"}
{"level":"info","message":"Current price for AAPL: 99.45, Price change: 0.05%","timestamp":"2024-10-03T18:01:42.257Z"}
{"level":"info","message":"Current price for GOOGL: 99.97, Price change: -0.35%","timestamp":"2024-10-03T18:01:42.261Z"}
{"level":"info","message":"Current price for MSFT: 99.69, Price change: -0.16%","timestamp":"2024-10-03T18:01:42.263Z"}
{"level":"info","message":"Current price for AMZN: 101.08, Price change: -0.16%","timestamp":"2024-10-03T18:01:42.264Z"}
{"level":"info","message":"Current price for AAPL: 100.31, Price change: 0.86%","timestamp":"2024-10-03T18:01:47.257Z"}
{"level":"info","message":"Current price for GOOGL: 100.85, Price change: 0.88%","timestamp":"2024-10-03T18:01:47.259Z"}
{"level":"info","message":"Current price for MSFT: 99.64, Price change: -0.05%","timestamp":"2024-10-03T18:01:47.260Z"}
{"level":"info","message":"Current price for AMZN: 100.1, Price change: -0.97%","timestamp":"2024-10-03T18:01:47.261Z"}
{"level":"info","message":"Current price for AAPL: 100.36, Price change: 0.05%","timestamp":"2024-10-03T18:01:52.268Z"}
{"level":"info","message":"Current price for GOOGL: 100.78, Price change: -0.07%","timestamp":"2024-10-03T18:01:52.270Z"}
{"level":"info","message":"Current price for MSFT: 99.34, Price change: -0.30%","timestamp":"2024-10-03T18:01:52.272Z"}
{"level":"info","message":"Current price for AMZN: 99.23, Price change: -0.87%","timestamp":"2024-10-03T18:01:52.274Z"}
{"level":"info","message":"Current price for AAPL: 100.11, Price change: -0.25%","timestamp":"2024-10-03T18:01:57.278Z"}
{"level":"info","message":"Current price for GOOGL: 99.87, Price change: -0.90%","timestamp":"2024-10-03T18:01:57.279Z"}
{"level":"info","message":"Current price for MSFT: 99.13, Price change: -0.21%","timestamp":"2024-10-03T18:01:57.280Z"}
{"level":"info","message":"Current price for AMZN: 99.09, Price change: -0.14%","timestamp":"2024-10-03T18:01:57.280Z"}
{"level":"info","message":"Current price for AAPL: 99.27, Price change: -0.84%","timestamp":"2024-10-03T18:02:02.278Z"}
{"level":"info","message":"Current price for GOOGL: 99.95, Price change: 0.08%","timestamp":"2024-10-03T18:02:02.279Z"}
{"level":"info","message":"Current price for MSFT: 98.42, Price change: -0.72%","timestamp":"2024-10-03T18:02:02.280Z"}
{"level":"info","message":"Current price for AMZN: 99.35, Price change: 0.26%","timestamp":"2024-10-03T18:02:02.281Z"}
{"level":"info","message":"Current price for AAPL: 99.35, Price change: 0.08%","timestamp":"2024-10-03T18:02:07.284Z"}
{"level":"info","message":"Current price for GOOGL: 100.41, Price change: 0.46%","timestamp":"2024-10-03T18:02:07.286Z"}
{"level":"info","message":"Current price for MSFT: 98.27, Price change: -0.15%","timestamp":"2024-10-03T18:02:07.288Z"}
{"level":"info","message":"Current price for AMZN: 99.08, Price change: -0.27%","timestamp":"2024-10-03T18:02:07.290Z"}
{"level":"info","message":"Current price for AAPL: 99.97, Price change: 0.62%","timestamp":"2024-10-03T18:02:12.298Z"}
{"level":"info","message":"Current price for GOOGL: 100.92, Price change: 0.51%","timestamp":"2024-10-03T18:02:12.302Z"}
{"level":"info","message":"Current price for MSFT: 97.95, Price change: -0.33%","timestamp":"2024-10-03T18:02:12.303Z"}
{"level":"info","message":"Current price for AMZN: 98.86, Price change: -0.22%","timestamp":"2024-10-03T18:02:12.304Z"}
{"level":"info","message":"Current price for AAPL: 100.14, Price change: 0.17%","timestamp":"2024-10-03T18:02:17.300Z"}
{"level":"info","message":"Current price for GOOGL: 100.75, Price change: -0.17%","timestamp":"2024-10-03T18:02:17.302Z"}
{"level":"info","message":"Current price for MSFT: 98.76, Price change: 0.83%","timestamp":"2024-10-03T18:02:17.304Z"}
{"level":"info","message":"Current price for AMZN: 98.93, Price change: 0.07%","timestamp":"2024-10-03T18:02:17.305Z"}
{"level":"info","message":"Current price for AAPL: 100.66, Price change: 0.52%","timestamp":"2024-10-03T18:02:22.306Z"}
{"level":"info","message":"Current price for GOOGL: 100.93, Price change: 0.18%","timestamp":"2024-10-03T18:02:22.307Z"}
{"level":"info","message":"Current price for MSFT: 97.84, Price change: -0.93%","timestamp":"2024-10-03T18:02:22.307Z"}
{"level":"info","message":"Current price for AMZN: 97.95, Price change: -0.99%","timestamp":"2024-10-03T18:02:22.308Z"}
{"level":"info","message":"Current price for AAPL: 100.86, Price change: 0.20%","timestamp":"2024-10-03T18:02:27.313Z"}
{"level":"info","message":"Current price for GOOGL: 100.34, Price change: -0.58%","timestamp":"2024-10-03T18:02:27.314Z"}
{"level":"info","message":"Current price for MSFT: 98.58, Price change: 0.76%","timestamp":"2024-10-03T18:02:27.315Z"}
{"level":"info","message":"Current price for AMZN: 97.58, Price change: -0.38%","timestamp":"2024-10-03T18:02:27.315Z"}
{"level":"info","message":"Current price for AAPL: 101, Price change: 0.14%","timestamp":"2024-10-03T18:02:32.319Z"}
{"level":"info","message":"Current price for GOOGL: 101.07, Price change: 0.73%","timestamp":"2024-10-03T18:02:32.320Z"}
{"level":"info","message":"Current price for MSFT: 98.62, Price change: 0.04%","timestamp":"2024-10-03T18:02:32.321Z"}
{"level":"info","message":"Current price for AMZN: 98.13, Price change: 0.56%","timestamp":"2024-10-03T18:02:32.322Z"}
{"level":"info","message":"Current price for AAPL: 100.96, Price change: -0.04%","timestamp":"2024-10-03T18:02:37.321Z"}
{"level":"info","message":"Current price for GOOGL: 101.79, Price change: 0.71%","timestamp":"2024-10-03T18:02:37.322Z"}
{"level":"info","message":"Current price for MSFT: 98.33, Price change: -0.29%","timestamp":"2024-10-03T18:02:37.323Z"}
{"level":"info","message":"Current price for AMZN: 98.01, Price change: -0.12%","timestamp":"2024-10-03T18:02:37.324Z"}
{"level":"info","message":"Current price for AAPL: 101.08, Price change: 0.12%","timestamp":"2024-10-03T18:02:42.330Z"}
{"level":"info","message":"Current price for GOOGL: 101.76, Price change: -0.03%","timestamp":"2024-10-03T18:02:42.332Z"}
{"level":"info","message":"Current price for MSFT: 98.52, Price change: 0.19%","timestamp":"2024-10-03T18:02:42.332Z"}
{"level":"info","message":"Current price for AMZN: 98.9, Price change: 0.91%","timestamp":"2024-10-03T18:02:42.333Z"}
{"level":"info","message":"Current price for AAPL: 101.19, Price change: 0.11%","timestamp":"2024-10-03T18:02:47.345Z"}
{"level":"info","message":"Current price for GOOGL: 101.21, Price change: -0.54%","timestamp":"2024-10-03T18:02:47.346Z"}
{"level":"info","message":"Current price for MSFT: 98.11, Price change: -0.42%","timestamp":"2024-10-03T18:02:47.347Z"}
{"level":"info","message":"Current price for AMZN: 99.09, Price change: 0.19%","timestamp":"2024-10-03T18:02:47.349Z"}
{"level":"info","message":"Current price for AAPL: 102.1, Price change: 0.90%","timestamp":"2024-10-03T18:02:52.360Z"}
{"level":"info","message":"Current price for GOOGL: 100.85, Price change: -0.36%","timestamp":"2024-10-03T18:02:52.362Z"}
{"level":"info","message":"Current price for MSFT: 98.64, Price change: 0.54%","timestamp":"2024-10-03T18:02:52.363Z"}
{"level":"info","message":"Current price for AMZN: 98.69, Price change: -0.40%","timestamp":"2024-10-03T18:02:52.365Z"}
{"level":"info","message":"Current price for AAPL: 101.84, Price change: -0.25%","timestamp":"2024-10-03T18:02:57.372Z"}
{"level":"info","message":"Current price for GOOGL: 101.44, Price change: 0.59%","timestamp":"2024-10-03T18:02:57.374Z"}
{"level":"info","message":"Current price for MSFT: 99.47, Price change: 0.84%","timestamp":"2024-10-03T18:02:57.375Z"}
{"level":"info","message":"Current price for AMZN: 98.94, Price change: 0.25%","timestamp":"2024-10-03T18:02:57.376Z"}
{"level":"info","message":"Current price for AAPL: 101.78, Price change: -0.06%","timestamp":"2024-10-03T18:03:02.380Z"}
{"level":"info","message":"Current price for GOOGL: 101.15, Price change: -0.29%","timestamp":"2024-10-03T18:03:02.381Z"}
{"level":"info","message":"Current price for MSFT: 99.79, Price change: 0.32%","timestamp":"2024-10-03T18:03:02.382Z"}
{"level":"info","message":"Current price for AMZN: 98.53, Price change: -0.41%","timestamp":"2024-10-03T18:03:02.383Z"}
{"level":"info","message":"Current price for AAPL: 101.86, Price change: 0.08%","timestamp":"2024-10-03T18:03:07.391Z"}
{"level":"info","message":"Current price for GOOGL: 100.18, Price change: -0.96%","timestamp":"2024-10-03T18:03:07.392Z"}
{"level":"info","message":"Current price for MSFT: 99.41, Price change: -0.38%","timestamp":"2024-10-03T18:03:07.393Z"}
{"level":"info","message":"Current price for AMZN: 98.32, Price change: -0.21%","timestamp":"2024-10-03T18:03:07.394Z"}
{"level":"info","message":"Current price for AAPL: 102.8, Price change: 0.92%","timestamp":"2024-10-03T18:03:12.400Z"}
{"level":"info","message":"Current price for GOOGL: 101.03, Price change: 0.85%","timestamp":"2024-10-03T18:03:12.401Z"}
{"level":"info","message":"Current price for MSFT: 98.57, Price change: -0.84%","timestamp":"2024-10-03T18:03:12.401Z"}
{"level":"info","message":"Current price for AMZN: 98.41, Price change: 0.09%","timestamp":"2024-10-03T18:03:12.402Z"}
{"level":"info","message":"Current price for AAPL: 103.55, Price change: 0.73%","timestamp":"2024-10-03T18:03:17.410Z"}
{"level":"info","message":"Current price for GOOGL: 101.52, Price change: 0.49%","timestamp":"2024-10-03T18:03:17.412Z"}
{"level":"info","message":"Current price for MSFT: 98.01, Price change: -0.57%","timestamp":"2024-10-03T18:03:17.412Z"}
{"level":"info","message":"Current price for AMZN: 97.88, Price change: -0.54%","timestamp":"2024-10-03T18:03:17.413Z"}
{"level":"info","message":"Current price for AAPL: 103.78, Price change: 0.22%","timestamp":"2024-10-03T18:03:22.421Z"}
{"level":"info","message":"Current price for GOOGL: 101.18, Price change: -0.33%","timestamp":"2024-10-03T18:03:22.422Z"}
{"level":"info","message":"Current price for MSFT: 97.38, Price change: -0.64%","timestamp":"2024-10-03T18:03:22.423Z"}
{"level":"info","message":"Current price for AMZN: 98.16, Price change: 0.29%","timestamp":"2024-10-03T18:03:22.424Z"}
{"level":"info","message":"Current price for AAPL: 104.66, Price change: 0.85%","timestamp":"2024-10-03T18:03:27.433Z"}
{"level":"info","message":"Current price for GOOGL: 102.18, Price change: 0.99%","timestamp":"2024-10-03T18:03:27.435Z"}
{"level":"info","message":"Current price for MSFT: 97.66, Price change: 0.29%","timestamp":"2024-10-03T18:03:27.436Z"}
{"level":"info","message":"Current price for AMZN: 98.07, Price change: -0.09%","timestamp":"2024-10-03T18:03:27.437Z"}
{"level":"info","message":"Current price for AAPL: 105.19, Price change: 0.51%","timestamp":"2024-10-03T18:03:32.446Z"}
{"level":"info","message":"Current price for GOOGL: 101.3, Price change: -0.86%","timestamp":"2024-10-03T18:03:32.447Z"}
{"level":"info","message":"Current price for MSFT: 97.33, Price change: -0.34%","timestamp":"2024-10-03T18:03:32.448Z"}
{"level":"info","message":"Current price for AMZN: 98.58, Price change: 0.52%","timestamp":"2024-10-03T18:03:32.449Z"}
{"level":"info","message":"Current price for AAPL: 105.9, Price change: 0.67%","timestamp":"2024-10-03T18:03:37.452Z"}
{"level":"info","message":"Current price for GOOGL: 101, Price change: -0.30%","timestamp":"2024-10-03T18:03:37.453Z"}
{"level":"info","message":"Current price for MSFT: 98.19, Price change: 0.88%","timestamp":"2024-10-03T18:03:37.454Z"}
{"level":"info","message":"Current price for AMZN: 99.17, Price change: 0.60%","timestamp":"2024-10-03T18:03:37.456Z"}
{"level":"info","message":"Current price for AAPL: 106.4, Price change: 0.47%","timestamp":"2024-10-03T18:03:42.461Z"}
{"level":"info","message":"Current price for GOOGL: 100.09, Price change: -0.90%","timestamp":"2024-10-03T18:03:42.462Z"}
{"level":"info","message":"Current price for MSFT: 98.19, Price change: 0.00%","timestamp":"2024-10-03T18:03:42.463Z"}
{"level":"info","message":"Current price for AMZN: 99.84, Price change: 0.68%","timestamp":"2024-10-03T18:03:42.464Z"}
{"level":"info","message":"Current price for AAPL: 107.39, Price change: 0.93%","timestamp":"2024-10-03T18:03:47.467Z"}
{"level":"info","message":"Current price for GOOGL: 100.97, Price change: 0.88%","timestamp":"2024-10-03T18:03:47.468Z"}
{"level":"info","message":"Current price for MSFT: 98.73, Price change: 0.55%","timestamp":"2024-10-03T18:03:47.469Z"}
{"level":"info","message":"Current price for AMZN: 100.12, Price change: 0.28%","timestamp":"2024-10-03T18:03:47.471Z"}
{"level":"info","message":"Current price for AAPL: 106.51, Price change: -0.82%","timestamp":"2024-10-03T18:03:52.480Z"}
{"level":"info","message":"Current price for GOOGL: 100.35, Price change: -0.61%","timestamp":"2024-10-03T18:03:52.481Z"}
{"level":"info","message":"Current price for MSFT: 99.29, Price change: 0.57%","timestamp":"2024-10-03T18:03:52.482Z"}
{"level":"info","message":"Current price for AMZN: 100.6, Price change: 0.48%","timestamp":"2024-10-03T18:03:52.484Z"}
{"level":"info","message":"Current price for AAPL: 105.63, Price change: -0.83%","timestamp":"2024-10-03T18:03:57.489Z"}
{"level":"info","message":"Current price for GOOGL: 100.25, Price change: -0.10%","timestamp":"2024-10-03T18:03:57.490Z"}
{"level":"info","message":"Current price for MSFT: 99.33, Price change: 0.04%","timestamp":"2024-10-03T18:03:57.491Z"}
{"level":"info","message":"Current price for AMZN: 99.82, Price change: -0.78%","timestamp":"2024-10-03T18:03:57.492Z"}
{"level":"info","message":"Current price for AAPL: 105.39, Price change: -0.23%","timestamp":"2024-10-03T18:04:02.499Z"}
{"level":"info","message":"Current price for GOOGL: 100.52, Price change: 0.27%","timestamp":"2024-10-03T18:04:02.499Z"}
{"level":"info","message":"Current price for MSFT: 98.35, Price change: -0.99%","timestamp":"2024-10-03T18:04:02.500Z"}
{"level":"info","message":"Current price for AMZN: 99.62, Price change: -0.20%","timestamp":"2024-10-03T18:04:02.500Z"}
